
> frontend@0.1.0 dev
> next dev -p 3000 --turbopack

   ▲ Next.js 15.3.3 (Turbopack)
   - Local:        http://localhost:3000
   - Network:      http://10.255.255.254:3000
   - Environments: .env.local

 ✓ Starting...
 ✓ Ready in 771ms
 ⚠ Webpack is configured while Turbopack is not, which may cause problems.
 ⚠ See instructions if you need to configure Turbopack:
  https://nextjs.org/docs/app/api-reference/next-config-js/turbo

(node:42960) [DEP0060] DeprecationWarning: The `util._extend` API is deprecated. Please use Object.assign() instead.
(Use `node --trace-deprecation ...` to show where the warning was created)
 ○ Compiling / ...
 ✓ Compiled / in 1585ms
 GET / 200 in 1795ms
 ○ Compiling /_not-found/page ...
 ✓ Compiled /_not-found/page in 633ms
 GET /_next/static/chunks/app/layout.js 404 in 732ms
 GET /favicon-16x16.png 404 in 124ms
 GET /apple-touch-icon.png 404 in 65ms
 ○ Compiling /dashboard ...
 ✓ Compiled /dashboard in 1952ms
 GET /dashboard 200 in 2023ms
 GET /apple-touch-icon.png 404 in 47ms
 ○ Compiling /settings ...
 ✓ Compiled /settings in 884ms
 GET /settings 200 in 931ms
 GET /apple-touch-icon.png 404 in 159ms
 GET /dashboard 200 in 85ms
 GET /apple-touch-icon.png 404 in 60ms
 ○ Compiling /leads ...
 ✓ Compiled /leads in 1023ms
 GET /leads 200 in 1060ms
 GET /apple-touch-icon.png 404 in 49ms
